<?xml version="1.0" encoding="UTF-8"?>
<!-- Generated by org.testng.reporters.JUnitReportReporter -->
<testsuite hostname="Nikolas-MacBook-Pro.local" failures="0" tests="1" name="tests.cartTest" time="10.379" errors="0" timestamp="15 Sep 2022 11:54:36 GMT">
  <testcase classname="tests.cartTest" name="addAndRemoveFromCart" time="10.379"/>
</testsuite> <!-- tests.cartTest -->
