<?xml version="1.0" encoding="UTF-8"?>
<!-- Generated by org.testng.reporters.JUnitReportReporter -->
<testsuite hostname="Nikolas-MacBook-Pro.local" failures="0" tests="2" name="tests.loginTest" time="10.173" errors="0" timestamp="15 Sep 2022 11:54:36 GMT">
  <testcase classname="tests.loginTest" name="wrongCredentialsLogin" time="4.302"/>
  <testcase classname="tests.loginTest" name="validLogin" time="5.871"/>
</testsuite> <!-- tests.loginTest -->
